<?xml version="1.0" encoding="UTF-8"?>
<!-- Generated by org.testng.reporters.JUnitXMLReporter -->
<testsuite hostname="SL-1155.attlocal.net" failures="2" tests="5" name="Command line test" time="84.543" errors="0" timestamp="23 Oct 2019 16:39:03 GMT">
  <testcase classname="com.DemoTest.Tests.WebDemoTest" name="Login" time="35.482">
    <failure type="java.lang.AssertionError" message="expected [false] but found [true]">
      <![CDATA[java.lang.AssertionError: expected [false] but found [true]
	at com.DemoTest.Tests.WebDemoTest.Login(WebDemoTest.java:52)
	at java.base/java.util.concurrent.FutureTask.run(FutureTask.java:264)
	at java.base/java.util.concurrent.Executors$RunnableAdapter.call(Executors.java:515)
	at java.base/java.util.concurrent.FutureTask.run(FutureTask.java:264)
	at java.base/java.util.concurrent.ThreadPoolExecutor.runWorker(ThreadPoolExecutor.java:1128)
	at java.base/java.util.concurrent.ThreadPoolExecutor$Worker.run(ThreadPoolExecutor.java:628)
	at java.base/java.lang.Thread.run(Thread.java:834)
... Removed 14 stack frames]]>
    </failure>
  </testcase> <!-- Login -->
  <testcase classname="com.DemoTest.Tests.WebDemoTest" name="Login" time="41.071">
    <failure type="java.lang.AssertionError" message="expected [false] but found [true]">
      <![CDATA[java.lang.AssertionError: expected [false] but found [true]
	at com.DemoTest.Tests.WebDemoTest.Login(WebDemoTest.java:52)
	at java.base/java.util.concurrent.FutureTask.run(FutureTask.java:264)
	at java.base/java.util.concurrent.Executors$RunnableAdapter.call(Executors.java:515)
	at java.base/java.util.concurrent.FutureTask.run(FutureTask.java:264)
	at java.base/java.util.concurrent.ThreadPoolExecutor.runWorker(ThreadPoolExecutor.java:1128)
	at java.base/java.util.concurrent.ThreadPoolExecutor$Worker.run(ThreadPoolExecutor.java:628)
	at java.base/java.lang.Thread.run(Thread.java:834)
... Removed 14 stack frames]]>
    </failure>
  </testcase> <!-- Login -->
  <testcase classname="com.DemoTest.Tests.WebDemoTest" name="Login" time="69.351"/>
  <testcase classname="com.DemoTest.Tests.WebDemoTest" name="Login" time="84.303"/>
  <testcase classname="com.DemoTest.Tests.WebDemoTest" name="Login" time="84.306"/>
</testsuite> <!-- Command line test -->
