<?xml version="1.0" encoding="UTF-8" ?>
<testsuite tests="8" failures="3" name="TestSuite" time="586.417" errors="0" skipped="0">
  <properties>
    <property name="java.runtime.name" value="Java(TM) SE Runtime Environment"/>
    <property name="java.vm.version" value="11.0.2+9-LTS"/>
    <property name="sun.boot.library.path" value="/Library/Java/JavaVirtualMachines/jdk-11.0.2.jdk/Contents/Home/lib"/>
    <property name="gopherProxySet" value="false"/>
    <property name="maven.multiModuleProjectDirectory" value="/Users/ianflanagan/Workspace/JavaSeleniumDemoHeadless"/>
    <property name="java.vm.vendor" value="Oracle Corporation"/>
    <property name="java.vendor.url" value="http://java.oracle.com/"/>
    <property name="guice.disable.misplaced.annotation.check" value="true"/>
    <property name="path.separator" value=":"/>
    <property name="java.vm.name" value="Java HotSpot(TM) 64-Bit Server VM"/>
    <property name="sun.os.patch.level" value="unknown"/>
    <property name="user.country" value="US"/>
    <property name="sun.java.launcher" value="SUN_STANDARD"/>
    <property name="java.vm.specification.name" value="Java Virtual Machine Specification"/>
    <property name="user.dir" value="/Users/ianflanagan/Workspace/JavaSeleniumDemoHeadless"/>
    <property name="java.vm.compressedOopsMode" value="Zero based"/>
    <property name="java.runtime.version" value="11.0.2+9-LTS"/>
    <property name="java.awt.graphicsenv" value="sun.awt.CGraphicsEnvironment"/>
    <property name="os.arch" value="x86_64"/>
    <property name="java.io.tmpdir" value="/var/folders/pt/w20sbht90qs1058r2q4gnqr80000gq/T/"/>
    <property name="line.separator" value="
"/>
    <property name="java.vm.specification.vendor" value="Oracle Corporation"/>
    <property name="os.name" value="Mac OS X"/>
    <property name="classworlds.conf" value="/usr/local/Cellar/maven/3.6.0/libexec/bin/m2.conf"/>
    <property name="sun.jnu.encoding" value="UTF-8"/>
    <property name="java.library.path" value="/Users/ianflanagan/Library/Java/Extensions:/Library/Java/Extensions:/Network/Library/Java/Extensions:/System/Library/Java/Extensions:/usr/lib/java:."/>
    <property name="maven.conf" value="/usr/local/Cellar/maven/3.6.0/libexec/conf"/>
    <property name="jdk.debug" value="release"/>
    <property name="java.class.version" value="55.0"/>
    <property name="java.specification.name" value="Java Platform API Specification"/>
    <property name="sun.management.compiler" value="HotSpot 64-Bit Tiered Compilers"/>
    <property name="os.version" value="10.14.6"/>
    <property name="library.jansi.path" value="/usr/local/Cellar/maven/3.6.0/libexec/lib/jansi-native"/>
    <property name="user.home" value="/Users/ianflanagan"/>
    <property name="user.timezone" value="America/Chicago"/>
    <property name="java.awt.printerjob" value="sun.lwawt.macosx.CPrinterJob"/>
    <property name="file.encoding" value="UTF-8"/>
    <property name="java.specification.version" value="11"/>
    <property name="user.name" value="ianflanagan"/>
    <property name="java.class.path" value="/usr/local/Cellar/maven/3.6.0/libexec/boot/plexus-classworlds-2.5.2.jar"/>
    <property name="org.slf4j.simpleLogger.defaultLogLevel" value="debug"/>
    <property name="java.vm.specification.version" value="11"/>
    <property name="sun.arch.data.model" value="64"/>
    <property name="sun.java.command" value="org.codehaus.plexus.classworlds.launcher.Launcher -X clean install compile test"/>
    <property name="java.home" value="/Library/Java/JavaVirtualMachines/jdk-11.0.2.jdk/Contents/Home"/>
    <property name="user.language" value="en"/>
    <property name="java.specification.vendor" value="Oracle Corporation"/>
    <property name="awt.toolkit" value="sun.lwawt.macosx.LWCToolkit"/>
    <property name="java.vm.info" value="mixed mode"/>
    <property name="java.version" value="11.0.2"/>
    <property name="java.vendor" value="Oracle Corporation"/>
    <property name="maven.home" value="/usr/local/Cellar/maven/3.6.0/libexec"/>
    <property name="file.separator" value="/"/>
    <property name="java.version.date" value="2019-01-15"/>
    <property name="java.vendor.url.bug" value="http://bugreport.java.com/bugreport/"/>
    <property name="sun.io.unicode.encoding" value="UnicodeBig"/>
    <property name="sun.cpu.endian" value="little"/>
    <property name="java.vendor.version" value="18.9"/>
    <property name="sun.cpu.isalist" value=""/>
  </properties>
  <testcase classname="com.DemoTest.Tests.WebDemoTest" name="Login" time="23.664"/>
  <testcase classname="com.DemoTest.Tests.WebDemoTest" name="Login" time="26.086"/>
  <testcase classname="com.DemoTest.Tests.WebDemoTest" name="Login" time="30.111"/>
  <testcase classname="com.DemoTest.Tests.WebDemoTest" name="Login" time="84.487">
    <failure message="expected [false] but found [true]" type="java.lang.AssertionError">java.lang.AssertionError: expected [false] but found [true]
	at org.testng.Assert.fail(Assert.java:94)
	at org.testng.Assert.failNotEquals(Assert.java:513)
	at org.testng.Assert.assertEqualsImpl(Assert.java:135)
	at org.testng.Assert.assertEquals(Assert.java:116)
	at org.testng.Assert.assertEquals(Assert.java:179)
	at com.DemoTest.Tests.WebDemoTest.Login(WebDemoTest.java:52)
</failure>
    <system-out>
Starting login function

Starting login function now
Enter username: standard_user
Starting login function

Starting login function now
Enter username: standard_user
Starting login function

Starting login function now
Enter username: standard_user
Enter Password: secret_sauce
Enter Password: secret_sauce
Click Login button
Click Login button
Enter Password: secret_sauce
Click Login button
Click on Hamburger icon
Click on Hamburger icon
Starting login function

Starting login function now
Enter username: standard_user
Enter Password: secret_sauce
Click Login button
Click on Hamburger icon
Can&apos;t execute login function: org.openqa.selenium.NoSuchElementException: Unable to locate element: #menu_button_container &gt; div &gt; div:nth-child(3) &gt; div &gt; button
For documentation on this error, please visit: http://seleniumhq.org/exceptions/no_such_element.html
Build info: version: &apos;3.4.0&apos;, revision: &apos;unknown&apos;, time: &apos;unknown&apos;
System info: host: &apos;chef-354bb9&apos;, ip: &apos;10.90.38.2&apos;, os.name: &apos;Linux&apos;, os.arch: &apos;amd64&apos;, os.version: &apos;4.14.127+&apos;, java.version: &apos;1.8.0_201&apos;
Driver info: org.openqa.selenium.firefox.FirefoxDriver
Capabilities [{moz:profile=/tmp/rust_mozprofile.8W6HQxfwkeXa, rotatable=false, moz:geckodriverVersion=0.24.0, timeouts={implicit=0.0, pageLoad=300000.0, script=30000.0}, pageLoadStrategy=normal, unhandledPromptBehavior=dismiss and notify, strictFileInteractability=false, moz:headless=true, platform=ANY, moz:accessibilityChecks=false, moz:useNonSpecCompliantPointerOrigin=false, acceptInsecureCerts=false, browserVersion=68.0, moz:shutdownTimeout=60000.0, platformVersion=4.14.127+, moz:processID=79.0, browserName=firefox, moz:buildID=20190705220548, javascriptEnabled=true, platformName=linux, setWindowRect=true, moz:webdriverClick=true}]
Session ID: XXXXXXXX-XXXX-XXXX-XXXX-XXXX5ae46f3f
*** Element info: {Using=css selector, value=#menu_button_container &gt; div &gt; div:nth-child(3) &gt; div &gt; button}
Command duration or timeout: 594 milliseconds
For documentation on this error, please visit: http://seleniumhq.org/exceptions/no_such_element.html
Build info: version: &apos;2.53.1&apos;, revision: &apos;a36b8b1cd5757287168e54b817830adce9b0158d&apos;, time: &apos;2016-06-30 19:26:09&apos;
System info: host: &apos;SL-1155.local&apos;, ip: &apos;192.168.1.196&apos;, os.name: &apos;Mac OS X&apos;, os.arch: &apos;x86_64&apos;, os.version: &apos;10.14.6&apos;, java.version: &apos;11.0.2&apos;
Driver info: org.openqa.selenium.remote.RemoteWebDriver
Capabilities [{timeouts={implicit=0, pageLoad=300000, script=30000}, moz:geckodriverVersion=0.24.0, moz:headless=true, platform=ANY, moz:useNonSpecCompliantPointerOrigin=false, acceptInsecureCerts=false, platformVersion=4.14.127+, browserVersion=68.0, moz:processID=79, takesScreenshot=true, browserName=firefox, javascriptEnabled=true, platformName=linux, setWindowRect=true, moz:profile=/tmp/rust_mozprofile.8W6HQxfwkeXa, rotatable=false, unhandledPromptBehavior=dismiss and notify, pageLoadStrategy=normal, strictFileInteractability=false, hasMetadata=true, moz:accessibilityChecks=false, webdriver.remote.sessionid=f1b3b779bb564e4f977bc99603ad3bee, moz:shutdownTimeout=60000, moz:buildID=20190705220548, cssSelectorsEnabled=true, moz:webdriverClick=true}]
Session ID: f1b3b779bb564e4f977bc99603ad3bee
*** Element info: {Using=css selector, value=#menu_button_container &gt; div &gt; div:nth-child(3) &gt; div &gt; button}</system-out>
  </testcase>
  <testcase classname="com.DemoTest.Tests.WebDemoTest" name="Login" time="87.625">
    <failure message="expected [false] but found [true]" type="java.lang.AssertionError">java.lang.AssertionError: expected [false] but found [true]
	at org.testng.Assert.fail(Assert.java:94)
	at org.testng.Assert.failNotEquals(Assert.java:513)
	at org.testng.Assert.assertEqualsImpl(Assert.java:135)
	at org.testng.Assert.assertEquals(Assert.java:116)
	at org.testng.Assert.assertEquals(Assert.java:179)
	at com.DemoTest.Tests.WebDemoTest.Login(WebDemoTest.java:52)
</failure>
    <system-out>
Click on Hamburger icon
Can&apos;t execute login function: org.openqa.selenium.NoSuchElementException: Unable to locate element: #menu_button_container &gt; div &gt; div:nth-child(3) &gt; div &gt; button
For documentation on this error, please visit: http://seleniumhq.org/exceptions/no_such_element.html
Build info: version: &apos;3.4.0&apos;, revision: &apos;unknown&apos;, time: &apos;unknown&apos;
System info: host: &apos;chef-a8f9d0&apos;, ip: &apos;10.90.54.51&apos;, os.name: &apos;Linux&apos;, os.arch: &apos;amd64&apos;, os.version: &apos;4.14.127+&apos;, java.version: &apos;1.8.0_201&apos;
Driver info: org.openqa.selenium.firefox.FirefoxDriver
Capabilities [{moz:profile=/tmp/rust_mozprofile.Tc99nNj8tq7A, rotatable=false, moz:geckodriverVersion=0.24.0, timeouts={implicit=0.0, pageLoad=300000.0, script=30000.0}, pageLoadStrategy=normal, unhandledPromptBehavior=dismiss and notify, strictFileInteractability=false, moz:headless=true, platform=ANY, moz:accessibilityChecks=false, moz:useNonSpecCompliantPointerOrigin=false, acceptInsecureCerts=false, browserVersion=70.0, moz:shutdownTimeout=60000.0, platformVersion=4.14.127+, moz:processID=79.0, browserName=firefox, moz:buildID=20191016161957, javascriptEnabled=true, platformName=linux, setWindowRect=true, moz:webdriverClick=true}]
Session ID: XXXXXXXX-XXXX-XXXX-XXXX-XXXXe5fd745c
*** Element info: {Using=css selector, value=#menu_button_container &gt; div &gt; div:nth-child(3) &gt; div &gt; button}
Command duration or timeout: 901 milliseconds
For documentation on this error, please visit: http://seleniumhq.org/exceptions/no_such_element.html
Build info: version: &apos;2.53.1&apos;, revision: &apos;a36b8b1cd5757287168e54b817830adce9b0158d&apos;, time: &apos;2016-06-30 19:26:09&apos;
System info: host: &apos;SL-1155.local&apos;, ip: &apos;192.168.1.196&apos;, os.name: &apos;Mac OS X&apos;, os.arch: &apos;x86_64&apos;, os.version: &apos;10.14.6&apos;, java.version: &apos;11.0.2&apos;
Driver info: org.openqa.selenium.remote.RemoteWebDriver
Capabilities [{timeouts={implicit=0, pageLoad=300000, script=30000}, moz:geckodriverVersion=0.24.0, moz:headless=true, platform=ANY, moz:useNonSpecCompliantPointerOrigin=false, acceptInsecureCerts=false, platformVersion=4.14.127+, browserVersion=70.0, moz:processID=79, takesScreenshot=true, browserName=firefox, javascriptEnabled=true, platformName=linux, setWindowRect=true, moz:profile=/tmp/rust_mozprofile.Tc99nNj8tq7A, rotatable=false, unhandledPromptBehavior=dismiss and notify, pageLoadStrategy=normal, strictFileInteractability=false, hasMetadata=true, moz:accessibilityChecks=false, webdriver.remote.sessionid=87fe0d2493104c61a379b074d64bf518, moz:shutdownTimeout=60000, moz:buildID=20191016161957, cssSelectorsEnabled=true, moz:webdriverClick=true}]
Session ID: 87fe0d2493104c61a379b074d64bf518
*** Element info: {Using=css selector, value=#menu_button_container &gt; div &gt; div:nth-child(3) &gt; div &gt; button}</system-out>
  </testcase>
  <testcase classname="com.DemoTest.Tests.WebDemoTest" name="Login" time="88.495">
    <failure message="expected [false] but found [true]" type="java.lang.AssertionError">java.lang.AssertionError: expected [false] but found [true]
	at org.testng.Assert.fail(Assert.java:94)
	at org.testng.Assert.failNotEquals(Assert.java:513)
	at org.testng.Assert.assertEqualsImpl(Assert.java:135)
	at org.testng.Assert.assertEquals(Assert.java:116)
	at org.testng.Assert.assertEquals(Assert.java:179)
	at com.DemoTest.Tests.WebDemoTest.Login(WebDemoTest.java:52)
</failure>
    <system-out>
Performing validation
Can&apos;t execute login function: org.openqa.selenium.NoSuchElementException: Unable to locate element: #menu_button_container &gt; div &gt; div:nth-child(3) &gt; div &gt; button
For documentation on this error, please visit: http://seleniumhq.org/exceptions/no_such_element.html
Build info: version: &apos;3.4.0&apos;, revision: &apos;unknown&apos;, time: &apos;unknown&apos;
System info: host: &apos;chef-94b777&apos;, ip: &apos;10.90.50.224&apos;, os.name: &apos;Linux&apos;, os.arch: &apos;amd64&apos;, os.version: &apos;4.14.127+&apos;, java.version: &apos;1.8.0_201&apos;
Driver info: org.openqa.selenium.firefox.FirefoxDriver
Capabilities [{moz:profile=/tmp/rust_mozprofile.LRi8xXqY0Rwx, rotatable=false, moz:geckodriverVersion=0.24.0, timeouts={implicit=0.0, pageLoad=300000.0, script=30000.0}, pageLoadStrategy=normal, unhandledPromptBehavior=dismiss and notify, strictFileInteractability=false, moz:headless=true, platform=ANY, moz:accessibilityChecks=false, moz:useNonSpecCompliantPointerOrigin=false, acceptInsecureCerts=false, browserVersion=69.0, moz:shutdownTimeout=60000.0, platformVersion=4.14.127+, moz:processID=79.0, browserName=firefox, moz:buildID=20190827005903, javascriptEnabled=true, platformName=linux, setWindowRect=true, moz:webdriverClick=true}]
Session ID: XXXXXXXX-XXXX-XXXX-XXXX-XXXXca06ea51
*** Element info: {Using=css selector, value=#menu_button_container &gt; div &gt; div:nth-child(3) &gt; div &gt; button}
Command duration or timeout: 612 milliseconds
For documentation on this error, please visit: http://seleniumhq.org/exceptions/no_such_element.html
Build info: version: &apos;2.53.1&apos;, revision: &apos;a36b8b1cd5757287168e54b817830adce9b0158d&apos;, time: &apos;2016-06-30 19:26:09&apos;
System info: host: &apos;SL-1155.local&apos;, ip: &apos;192.168.1.196&apos;, os.name: &apos;Mac OS X&apos;, os.arch: &apos;x86_64&apos;, os.version: &apos;10.14.6&apos;, java.version: &apos;11.0.2&apos;
Driver info: org.openqa.selenium.remote.RemoteWebDriver
Capabilities [{timeouts={implicit=0, pageLoad=300000, script=30000}, moz:geckodriverVersion=0.24.0, moz:headless=true, platform=ANY, moz:useNonSpecCompliantPointerOrigin=false, acceptInsecureCerts=false, platformVersion=4.14.127+, browserVersion=69.0, moz:processID=79, takesScreenshot=true, browserName=firefox, javascriptEnabled=true, platformName=linux, setWindowRect=true, moz:profile=/tmp/rust_mozprofile.LRi8xXqY0Rwx, rotatable=false, unhandledPromptBehavior=dismiss and notify, pageLoadStrategy=normal, strictFileInteractability=false, hasMetadata=true, moz:accessibilityChecks=false, webdriver.remote.sessionid=4f7e5f2f9fee4f46a7ea5227ebd523a3, moz:shutdownTimeout=60000, moz:buildID=20190827005903, cssSelectorsEnabled=true, moz:webdriverClick=true}]
Session ID: 4f7e5f2f9fee4f46a7ea5227ebd523a3
*** Element info: {Using=css selector, value=#menu_button_container &gt; div &gt; div:nth-child(3) &gt; div &gt; button}</system-out>
  </testcase>
  <testcase classname="com.DemoTest.Tests.WebDemoTest" name="Login" time="102.38"/>
  <testcase classname="com.DemoTest.Tests.WebDemoTest" name="Login" time="143.569"/>
</testsuite>